<?xml version="1.0" encoding="UTF-8"?>
<!-- Generated by org.testng.reporters.JUnitXMLReporter -->
<testsuite ignored="0" hostname="EUC-9054150" failures="2" tests="2" name="Test" time="0.871" errors="0" timestamp="2021-11-14T09:54:48 AEDT">
  <testcase classname="Runners.cucumberDataProvider" name="runCucumberForTestNG" time="0.389">
    <failure type="cucumber.runtime.CucumberException" message="java.lang.ExceptionInInitializerError">
      <![CDATA[cucumber.runtime.CucumberException: java.lang.ExceptionInInitializerError
at cucumber.api.testng.TestNGCucumberRunner.runCucumber(TestNGCucumberRunner.java:69)
at Runners.cucumberDataProvider.runCucumberForTestNG(cucumberDataProvider.java:36)
at java.base/java.util.ArrayList.forEach(ArrayList.java:1511)
Caused by: java.lang.ExceptionInInitializerError
at cucumber.deps.com.thoughtworks.xstream.XStream.setupConverters(XStream.java:820)
at cucumber.deps.com.thoughtworks.xstream.XStream.<init>(XStream.java:574)
at cucumber.deps.com.thoughtworks.xstream.XStream.<init>(XStream.java:530)
at cucumber.runtime.xstream.LocalizedXStreams$LocalizedXStream.<init>(LocalizedXStreams.java:50)
at cucumber.runtime.xstream.LocalizedXStreams.newXStream(LocalizedXStreams.java:37)
at cucumber.runtime.xstream.LocalizedXStreams.get(LocalizedXStreams.java:29)
at cucumber.runtime.StepDefinitionMatch.runStep(StepDefinitionMatch.java:37)
at cucumber.runtime.Runtime.runStep(Runtime.java:300)
at cucumber.runtime.model.StepContainer.runStep(StepContainer.java:44)
at cucumber.runtime.model.StepContainer.runSteps(StepContainer.java:39)
at cucumber.runtime.model.CucumberScenario.run(CucumberScenario.java:44)
at cucumber.runtime.model.CucumberFeature.run(CucumberFeature.java:165)
at cucumber.api.testng.TestNGCucumberRunner.runCucumber(TestNGCucumberRunner.java:63)
at Runners.cucumberDataProvider.runCucumberForTestNG(cucumberDataProvider.java:36)
at java.base/java.util.ArrayList.forEach(ArrayList.java:1511)
at ✽.Given the user is on the Home Page(loginWithTestNG.feature:3)
at cucumber.deps.com.thoughtworks.xstream.core.util.Fields.locate(Fields.java:39)
at cucumber.deps.com.thoughtworks.xstream.converters.collections.TreeMapConverter.<clinit>(TreeMapConverter.java:50)
at cucumber.deps.com.thoughtworks.xstream.XStream.setupConverters(XStream.java:820)
at cucumber.deps.com.thoughtworks.xstream.XStream.<init>(XStream.java:574)
at cucumber.deps.com.thoughtworks.xstream.XStream.<init>(XStream.java:530)
at cucumber.runtime.xstream.LocalizedXStreams$LocalizedXStream.<init>(LocalizedXStreams.java:50)
at cucumber.runtime.xstream.LocalizedXStreams.newXStream(LocalizedXStreams.java:37)
at cucumber.runtime.xstream.LocalizedXStreams.get(LocalizedXStreams.java:29)
at cucumber.runtime.StepDefinitionMatch.runStep(StepDefinitionMatch.java:37)
at cucumber.runtime.Runtime.runStep(Runtime.java:300)
at cucumber.runtime.model.StepContainer.runStep(StepContainer.java:44)
at cucumber.runtime.model.StepContainer.runSteps(StepContainer.java:39)
at cucumber.runtime.model.CucumberScenario.run(CucumberScenario.java:44)
at cucumber.runtime.model.CucumberFeature.run(CucumberFeature.java:165)
at cucumber.api.testng.TestNGCucumberRunner.runCucumber(TestNGCucumberRunner.java:63)
at Runners.cucumberDataProvider.runCucumberForTestNG(cucumberDataProvider.java:36)
at java.base/java.util.ArrayList.forEach(ArrayList.java:1511)
... Removed 98 stack frames]]>
    </failure>
  </testcase> <!-- runCucumberForTestNG -->
  <testcase classname="Runners.cucumberDataProvider" name="runCucumberForTestNG" time="0.016">
    <failure type="cucumber.runtime.CucumberException" message="java.lang.NoClassDefFoundError: Could not initialize class cucumber.deps.com.thoughtworks.xstream.converters.collections.TreeMapConverter">
      <![CDATA[cucumber.runtime.CucumberException: java.lang.NoClassDefFoundError: Could not initialize class cucumber.deps.com.thoughtworks.xstream.converters.collections.TreeMapConverter
at cucumber.api.testng.TestNGCucumberRunner.runCucumber(TestNGCucumberRunner.java:69)
at Runners.cucumberDataProvider.runCucumberForTestNG(cucumberDataProvider.java:36)
at java.base/java.util.ArrayList.forEach(ArrayList.java:1511)
Caused by: java.lang.NoClassDefFoundError: Could not initialize class cucumber.deps.com.thoughtworks.xstream.converters.collections.TreeMapConverter
at cucumber.deps.com.thoughtworks.xstream.XStream.setupConverters(XStream.java:820)
at cucumber.deps.com.thoughtworks.xstream.XStream.<init>(XStream.java:574)
at cucumber.deps.com.thoughtworks.xstream.XStream.<init>(XStream.java:530)
at cucumber.runtime.xstream.LocalizedXStreams$LocalizedXStream.<init>(LocalizedXStreams.java:50)
at cucumber.runtime.xstream.LocalizedXStreams.newXStream(LocalizedXStreams.java:37)
at cucumber.runtime.xstream.LocalizedXStreams.get(LocalizedXStreams.java:29)
at cucumber.runtime.StepDefinitionMatch.runStep(StepDefinitionMatch.java:37)
at cucumber.runtime.Runtime.runStep(Runtime.java:300)
at cucumber.runtime.model.StepContainer.runStep(StepContainer.java:44)
at cucumber.runtime.model.StepContainer.runSteps(StepContainer.java:39)
at cucumber.runtime.model.CucumberScenario.run(CucumberScenario.java:44)
at cucumber.runtime.model.CucumberFeature.run(CucumberFeature.java:165)
at cucumber.api.testng.TestNGCucumberRunner.runCucumber(TestNGCucumberRunner.java:63)
at Runners.cucumberDataProvider.runCucumberForTestNG(cucumberDataProvider.java:36)
at java.base/java.util.ArrayList.forEach(ArrayList.java:1511)
at ✽.Given the user is on the Home Page(loginWithTestNG.feature:3)
... Removed 62 stack frames]]>
    </failure>
  </testcase> <!-- runCucumberForTestNG -->
</testsuite> <!-- Test -->
